{
  "stats": {
    "suites": 2,
    "tests": 2,
    "passes": 2,
    "pending": 0,
    "failures": 0,
    "start": "2020-02-19T09:28:26.940Z",
    "end": "2020-02-19T09:28:29.824Z",
    "duration": 2884,
    "testsRegistered": 4,
    "passPercent": 50,
    "pendingPercent": 0,
    "other": 2,
    "hasOther": true,
    "skipped": 2,
    "hasSkipped": true,
    "passPercentClass": "danger",
    "pendingPercentClass": "danger"
  },
  "suites": {
    "uuid": "f91d103f-479c-4a31-a47d-c7c0b5333467",
    "title": "",
    "fullFile": "",
    "file": "",
    "beforeHooks": [],
    "afterHooks": [],
    "tests": [],
    "suites": [
      {
        "uuid": "6dfb6fb1-5074-487e-a4a2-f78206835343",
        "title": "Create New Exercise Log page automated testing",
        "fullFile": "/Users/scarlettgao/Documents/MERN/mern_demo/backend/test/createExerciseLogPage.test.js",
        "file": "/test/createExerciseLogPage.test.js",
        "beforeHooks": [
          {
            "title": "\"before each\" hook",
            "fullTitle": "Create New Exercise Log page automated testing \"before each\" hook",
            "timedOut": false,
            "duration": 967,
            "pass": false,
            "fail": false,
            "pending": false,
            "code": "page = new ExercisePage();\ndriver = page.driver;\nawait page.visit(\"http://localhost:3000/create\");",
            "err": {},
            "isRoot": false,
            "uuid": "5e7e840a-7ae8-44c5-a749-9b8b7db54a6a",
            "isHook": true,
            "skipped": false
          }
        ],
        "afterHooks": [
          {
            "title": "\"after each\" hook",
            "fullTitle": "Create New Exercise Log page automated testing \"after each\" hook",
            "timedOut": false,
            "duration": 52,
            "pass": false,
            "fail": false,
            "pending": false,
            "code": "await page.quit();",
            "err": {},
            "isRoot": false,
            "uuid": "50d2826f-66ae-4cdc-bef7-529d5ef5a639",
            "isHook": true,
            "skipped": false
          }
        ],
        "tests": [
          {
            "title": "Create New Exercise Log -- check if contents are displayed ",
            "fullTitle": "Create New Exercise Log page automated testing Create New Exercise Log -- check if contents are displayed ",
            "timedOut": false,
            "duration": 217,
            "state": "passed",
            "speed": "slow",
            "pass": true,
            "fail": false,
            "pending": false,
            "code": "const title = await page.findThroughTagName(\"h3\");\nexpect(title).to.equal('Create New Exercise Log');\nconst usernameLabel = await page.findThroughId(\"usernameLabel\");\nexpect(usernameLabel).to.equal('Username:');\nconst descriptionLabel = await page.findThroughId(\"descriptionLabel\");\nexpect(descriptionLabel).to.equal('Description:');\nconst durationLabel = await page.findThroughId(\"durationLabel\");\nexpect(durationLabel).to.equal('Duration (in minutes):');\nconst dateLabel = await page.findThroughId(\"dateLabel\");\nexpect(dateLabel).to.equal('Date:');",
            "err": {},
            "isRoot": false,
            "uuid": "7c29f673-1df1-4e7f-a633-d640c3a34b30",
            "isHook": false,
            "skipped": false
          },
          {
            "title": "find the input box and button",
            "fullTitle": "Create New Exercise Log page automated testing find the input box and button",
            "timedOut": false,
            "duration": 204,
            "state": "passed",
            "speed": "slow",
            "pass": true,
            "fail": false,
            "pending": false,
            "code": "const result = await page.findInputAndButton();\nexpect(result.userNameSelectionEnableFlag).to.equal(true);\nexpect(result.descriptionInputEnableFlag).to.equal(true);\nexpect(result.durationInputEnableFlag).to.equal(true);\nexpect(result.datePickerEnableFlag).to.equal(true);\nexpect(result.createButtonText).to.equal('Create Exercise Log');",
            "err": {},
            "isRoot": false,
            "uuid": "d1b74b6f-8d16-4297-adda-e1ed3c65c2c4",
            "isHook": false,
            "skipped": false
          }
        ],
        "suites": [],
        "passes": [
          "7c29f673-1df1-4e7f-a633-d640c3a34b30",
          "d1b74b6f-8d16-4297-adda-e1ed3c65c2c4"
        ],
        "failures": [],
        "pending": [],
        "skipped": [],
        "duration": 421,
        "root": false,
        "rootEmpty": false,
        "_timeout": 5000
      },
      {
        "uuid": "befa647e-5969-47d7-84ac-951becc5d3c2",
        "title": "User page automated testing",
        "fullFile": "/Users/scarlettgao/Documents/MERN/mern_demo/backend/test/userPage.test.js",
        "file": "/test/userPage.test.js",
        "beforeHooks": [
          {
            "title": "\"before each\" hook for \"find the input box and button\"",
            "fullTitle": "User page automated testing \"before each\" hook for \"find the input box and button\"",
            "timedOut": false,
            "duration": 0,
            "state": "failed",
            "pass": false,
            "fail": true,
            "pending": false,
            "code": "page = new Page();\ndriver = page.driver;\nawait page.visit(`${process.env.TESTING_URL}/user`);\n// await page.visit(\"http://localhost:3000/user\");",
            "err": {
              "message": "TypeError: Page is not a constructor",
              "estack": "TypeError: Page is not a constructor\n    at Context.beforeEach (test/userPage.test.js:19:24)"
            },
            "isRoot": false,
            "uuid": "79bab624-693e-4778-9023-aa108dfd4b66",
            "isHook": true,
            "skipped": false
          }
        ],
        "afterHooks": [
          {
            "title": "\"after each\" hook for \"find the input box and button\"",
            "fullTitle": "User page automated testing \"after each\" hook for \"find the input box and button\"",
            "timedOut": false,
            "duration": 1,
            "state": "failed",
            "pass": false,
            "fail": true,
            "pending": false,
            "code": "await page.quit();",
            "err": {
              "message": "TypeError: Cannot read property 'quit' of undefined",
              "estack": "TypeError: Cannot read property 'quit' of undefined\n    at Context.afterEach (test/userPage.test.js:26:28)"
            },
            "isRoot": false,
            "uuid": "4f46e3ca-cba7-4aa5-be9a-0971edbf4ee0",
            "isHook": true,
            "skipped": false
          }
        ],
        "tests": [
          {
            "title": "find the input box and button",
            "fullTitle": "User page automated testing find the input box and button",
            "timedOut": false,
            "duration": 0,
            "pass": false,
            "fail": false,
            "pending": false,
            "code": "const result = await page.findInputAndButton();\nexpect(result.inputEnabled).to.equal(true);\nexpect(result.buttonText).to.include('Create User');",
            "err": {},
            "isRoot": false,
            "uuid": "e322d8b4-f471-4827-b207-07a989763e7a",
            "isHook": false,
            "skipped": true
          },
          {
            "title": "Create User -- check if contents are displayed ",
            "fullTitle": "User page automated testing Create User -- check if contents are displayed ",
            "timedOut": false,
            "duration": 0,
            "pass": false,
            "fail": false,
            "pending": false,
            "code": "const title = await page.findThroughTagName(\"h3\");\nexpect(title).to.equal('Create New User');\nconst UserNameLable = await page.findThroughTagName(\"label\");\nconsole.log(\"UserNameLable is \", UserNameLable);\nexpect(UserNameLable).to.equal('Username:');",
            "err": {},
            "isRoot": false,
            "uuid": "48506181-c344-45b9-85cd-ee273166b02f",
            "isHook": false,
            "skipped": true
          }
        ],
        "suites": [],
        "passes": [],
        "failures": [],
        "pending": [],
        "skipped": [
          "e322d8b4-f471-4827-b207-07a989763e7a",
          "48506181-c344-45b9-85cd-ee273166b02f"
        ],
        "duration": null,
        "root": false,
        "rootEmpty": false,
        "_timeout": 5000
      }
    ],
    "passes": [],
    "failures": [],
    "pending": [],
    "skipped": [],
    "duration": 0,
    "root": true,
    "rootEmpty": true,
    "_timeout": 2000
  },
  "copyrightYear": 2020
}